#
# A fatal error has been detected by the Java Runtime Environment:
#
#  EXCEPTION_ACCESS_VIOLATION (0xc0000005) at pc=0x6fc227ff, pid=6380, tid=7216
#
# JRE version: 7.0_10-b18
# Java VM: Java HotSpot(TM) Client VM (23.6-b04 mixed mode, sharing windows-x86 )
# Problematic frame:
# V  [jvm.dll+0xb27ff]
#
# Failed to write core dump. Minidumps are not enabled by default on client versions of Windows
#
# If you would like to submit a bug report, please visit:
#   http://bugreport.sun.com/bugreport/crash.jsp
#

---------------  T H R E A D  ---------------

Current thread (0x06d3d400):  JavaThread "Thread-3" [_thread_in_vm, id=7216, stack(0x05470000,0x054c0000)]

siginfo: ExceptionCode=0xc0000005, reading address 0x00000000

Registers:
EAX=0x00000000, EBX=0x00000000, ECX=0x00000000, EDX=0x00000000
ESP=0x054bf1dc, EBP=0x054bf224, ESI=0x06d3d400, EDI=0x06d3d528
EIP=0x6fc227ff, EFLAGS=0x00010246

Top of Stack: (sp=0x054bf1dc)
0x054bf1dc:   05543e4c 06d3d528 054bf2a4 6fb73d63
0x054bf1ec:   06d3d400 39550e33 06cc4dc0 054bf44c
0x054bf1fc:   06d3d400 054bf1f0 0000000e 054bf4ac
0x054bf20c:   6fddce7e 53fa6133 06d3d400 00000000
0x054bf21c:   6fc19139 06d3d400 054bf278 10002152
0x054bf22c:   06d3d528 04d95610 00000000 5db41c82
0x054bf23c:   00000000 000beb1f 00000000 0000022c
0x054bf24c:   0000022c 00000000 06d3d528 056209f0 

Instructions: (pc=0x6fc227ff)
0x6fc227df:   83 c4 08 89 75 f0 89 5d f4 39 5e 04 74 08 8d 4d
0x6fc227ef:   f0 e8 8b a9 0b 00 8b 45 10 c7 45 e0 0e 00 00 00
0x6fc227ff:   8b 08 e8 fa 82 f5 ff 50 8d 4d c4 e8 91 d9 08 00
0x6fc2280f:   8b 45 10 56 8d 55 c4 52 8d 4d 14 50 89 4d dc 8b 


Register to memory mapping:

EAX=0x00000000 is an unknown value
EBX=0x00000000 is an unknown value
ECX=0x00000000 is an unknown value
EDX=0x00000000 is an unknown value
ESP=0x054bf1dc is pointing into the stack for thread: 0x06d3d400
EBP=0x054bf224 is pointing into the stack for thread: 0x06d3d400
ESI=0x06d3d400 is a thread
EDI=0x06d3d528 is an unknown value


Stack: [0x05470000,0x054c0000],  sp=0x054bf1dc,  free space=316k
Native frames: (J=compiled Java code, j=interpreted, Vv=VM code, C=native code)
V  [jvm.dll+0xb27ff]
C  [Jpcap.dll+0x2152]  Java_jpcap_JpcapCaptor_getPacketReadTimeout+0x2f2

Java frames: (J=compiled Java code, j=interpreted, Vv=VM code)
j  jpcap.JpcapCaptor.loopPacket(ILjpcap/PacketReceiver;)I+0
j  TCPDump.startRecieving(LTCPDump;)V+316
j  TCPDump.run()V+1
v  ~StubRoutines::call_stub

---------------  P R O C E S S  ---------------

Java Threads: ( => current thread )
=>0x06d3d400 JavaThread "Thread-3" [_thread_in_vm, id=7216, stack(0x05470000,0x054c0000)]
  0x04d64800 JavaThread "Swing-Shell" daemon [_thread_blocked, id=7952, stack(0x05780000,0x057d0000)]
  0x04d5a800 JavaThread "Image Fetcher 0" daemon [_thread_blocked, id=6868, stack(0x04b60000,0x04bb0000)]
  0x0025c000 JavaThread "DestroyJavaVM" [_thread_blocked, id=2280, stack(0x00500000,0x00550000)]
  0x04cb9400 JavaThread "AWT-EventQueue-0" [_thread_blocked, id=7460, stack(0x052e0000,0x05330000)]
  0x04cb9000 JavaThread "AWT-Windows" daemon [_thread_in_native, id=1944, stack(0x050c0000,0x05110000)]
  0x04cb8800 JavaThread "AWT-Shutdown" [_thread_blocked, id=5244, stack(0x048c0000,0x04910000)]
  0x04cb6400 JavaThread "Java2D Disposer" daemon [_thread_blocked, id=2716, stack(0x04a60000,0x04ab0000)]
  0x00d73000 JavaThread "Service Thread" daemon [_thread_blocked, id=7592, stack(0x04960000,0x049b0000)]
  0x00d6dc00 JavaThread "C1 CompilerThread0" daemon [_thread_blocked, id=3428, stack(0x01070000,0x010c0000)]
  0x00d6c800 JavaThread "Attach Listener" daemon [_thread_blocked, id=6668, stack(0x00fb0000,0x01000000)]
  0x00d69800 JavaThread "Signal Dispatcher" daemon [_thread_blocked, id=6320, stack(0x04870000,0x048c0000)]
  0x00d58000 JavaThread "Finalizer" daemon [_thread_blocked, id=7700, stack(0x01190000,0x011e0000)]
  0x00d53400 JavaThread "Reference Handler" daemon [_thread_blocked, id=7656, stack(0x046b0000,0x04700000)]

Other Threads:
  0x00d51800 VMThread [stack: 0x010d0000,0x01120000] [id=4304]
  0x00d91c00 WatcherThread [stack: 0x04bb0000,0x04c00000] [id=6972]

VM state:not at safepoint (normal execution)

VM Mutex/Monitor currently owned by a thread: None

Heap
 def new generation   total 4928K, used 4239K [0x244b0000, 0x24a00000, 0x29a00000)
  eden space 4416K,  93% used [0x244b0000, 0x248bda08, 0x24900000)
  from space 512K,  17% used [0x24900000, 0x24916468, 0x24980000)
  to   space 512K,   0% used [0x24980000, 0x24980000, 0x24a00000)
 tenured generation   total 10944K, used 2374K [0x29a00000, 0x2a4b0000, 0x344b0000)
   the space 10944K,  21% used [0x29a00000, 0x29c51bf0, 0x29c51c00, 0x2a4b0000)
 compacting perm gen  total 12288K, used 1891K [0x344b0000, 0x350b0000, 0x384b0000)
   the space 12288K,  15% used [0x344b0000, 0x34688fe0, 0x34689000, 0x350b0000)
    ro space 10240K,  45% used [0x384b0000, 0x38935e50, 0x38936000, 0x38eb0000)
    rw space 12288K,  54% used [0x38eb0000, 0x39538f78, 0x39539000, 0x39ab0000)

Card table byte_map: [0x00e90000,0x00f40000] byte_map_base: 0x00d6da80

Polling page: 0x001b0000

Code Cache  [0x02620000, 0x02730000, 0x04620000)
 total_blobs=492 nmethods=270 adapters=157 free_code_cache=31691Kb largest_free_block=32452224

Compilation events (10 events):
Event: 7.044 Thread 0x00d6dc00  264             java.lang.Thread::isInterrupted (6 bytes)
Event: 7.044 Thread 0x00d6dc00 nmethod 264 0x02729388 code [0x02729480, 0x0272951c]
Event: 7.522 Thread 0x00d6dc00  265             java.nio.ByteBuffer::arrayOffset (35 bytes)
Event: 7.523 Thread 0x00d6dc00 nmethod 265 0x02729588 code [0x027296a0, 0x02729828]
Event: 7.528 Thread 0x00d6dc00  266  s!         sun.misc.URLClassPath::getLoader (154 bytes)
Event: 7.531 Thread 0x00d6dc00 nmethod 266 0x02729e08 code [0x0272a050, 0x0272b100]
Event: 7.531 Thread 0x00d6dc00  267             sun.misc.URLClassPath::getResource (74 bytes)
Event: 7.532 Thread 0x00d6dc00 nmethod 267 0x0272c1c8 code [0x0272c2e0, 0x0272c3e8]
Event: 7.534 Thread 0x00d6dc00  268   !         sun.misc.URLClassPath$JarLoader::getResource (91 bytes)
Event: 7.535 Thread 0x00d6dc00 nmethod 268 0x0272c688 code [0x0272c830, 0x0272ccd0]

GC Heap History (8 events):
Event: 1.254 GC heap before
{Heap before GC invocations=0 (full 0):
 def new generation   total 4928K, used 3827K [0x244b0000, 0x24a00000, 0x29a00000)
  eden space 4416K,  86% used [0x244b0000, 0x2486cc58, 0x24900000)
  from space 512K,   0% used [0x24900000, 0x24900000, 0x24980000)
  to   space 512K,   0% used [0x24980000, 0x24980000, 0x24a00000)
 tenured generation   total 10944K, used 0K [0x29a00000, 0x2a4b0000, 0x344b0000)
   the space 10944K,   0% used [0x29a00000, 0x29a00000, 0x29a00200, 0x2a4b0000)
 compacting perm gen  total 12288K, used 1636K [0x344b0000, 0x350b0000, 0x384b0000)
   the space 12288K,  13% used [0x344b0000, 0x34649348, 0x34649400, 0x350b0000)
    ro space 10240K,  45% used [0x384b0000, 0x38935e50, 0x38936000, 0x38eb0000)
    rw space 12288K,  54% used [0x38eb0000, 0x39538f78, 0x39539000, 0x39ab0000)
Event: 1.272 GC heap after
Heap after GC invocations=1 (full 0):
 def new generation   total 4928K, used 512K [0x244b0000, 0x24a00000, 0x29a00000)
  eden space 4416K,   0% used [0x244b0000, 0x244b0000, 0x24900000)
  from space 512K, 100% used [0x24980000, 0x24a00000, 0x24a00000)
  to   space 512K,   0% used [0x24900000, 0x24900000, 0x24980000)
 tenured generation   total 10944K, used 687K [0x29a00000, 0x2a4b0000, 0x344b0000)
   the space 10944K,   6% used [0x29a00000, 0x29aabc58, 0x29aabe00, 0x2a4b0000)
 compacting perm gen  total 12288K, used 1636K [0x344b0000, 0x350b0000, 0x384b0000)
   the space 12288K,  13% used [0x344b0000, 0x34649348, 0x34649400, 0x350b0000)
    ro space 10240K,  45% used [0x384b0000, 0x38935e50, 0x38936000, 0x38eb0000)
    rw space 12288K,  54% used [0x38eb0000, 0x39538f78, 0x39539000, 0x39ab0000)
}
Event: 3.792 GC heap before
{Heap before GC invocations=1 (full 0):
 def new generation   total 4928K, used 4928K [0x244b0000, 0x24a00000, 0x29a00000)
  eden space 4416K, 100% used [0x244b0000, 0x24900000, 0x24900000)
  from space 512K, 100% used [0x24980000, 0x24a00000, 0x24a00000)
  to   space 512K,   0% used [0x24900000, 0x24900000, 0x24980000)
 tenured generation   total 10944K, used 687K [0x29a00000, 0x2a4b0000, 0x344b0000)
   the space 10944K,   6% used [0x29a00000, 0x29aabc58, 0x29aabe00, 0x2a4b0000)
 compacting perm gen  total 12288K, used 1700K [0x344b0000, 0x350b0000, 0x384b0000)
   the space 12288K,  13% used [0x344b0000, 0x346591a0, 0x34659200, 0x350b0000)
    ro space 10240K,  45% used [0x384b0000, 0x38935e50, 0x38936000, 0x38eb0000)
    rw space 12288K,  54% used [0x38eb0000, 0x39538f78, 0x39539000, 0x39ab0000)
Event: 3.804 GC heap after
Heap after GC invocations=2 (full 0):
 def new generation   total 4928K, used 173K [0x244b0000, 0x24a00000, 0x29a00000)
  eden space 4416K,   0% used [0x244b0000, 0x244b0000, 0x24900000)
  from space 512K,  33% used [0x24900000, 0x2492b588, 0x24980000)
  to   space 512K,   0% used [0x24980000, 0x24980000, 0x24a00000)
 tenured generation   total 10944K, used 2374K [0x29a00000, 0x2a4b0000, 0x344b0000)
   the space 10944K,  21% used [0x29a00000, 0x29c51bf0, 0x29c51c00, 0x2a4b0000)
 compacting perm gen  total 12288K, used 1700K [0x344b0000, 0x350b0000, 0x384b0000)
   the space 12288K,  13% used [0x344b0000, 0x346591a0, 0x34659200, 0x350b0000)
    ro space 10240K,  45% used [0x384b0000, 0x38935e50, 0x38936000, 0x38eb0000)
    rw space 12288K,  54% used [0x38eb0000, 0x39538f78, 0x39539000, 0x39ab0000)
}
Event: 3.896 GC heap before
{Heap before GC invocations=2 (full 0):
 def new generation   total 4928K, used 4589K [0x244b0000, 0x24a00000, 0x29a00000)
  eden space 4416K, 100% used [0x244b0000, 0x24900000, 0x24900000)
  from space 512K,  33% used [0x24900000, 0x2492b588, 0x24980000)
  to   space 512K,   0% used [0x24980000, 0x24980000, 0x24a00000)
 tenured generation   total 10944K, used 2374K [0x29a00000, 0x2a4b0000, 0x344b0000)
   the space 10944K,  21% used [0x29a00000, 0x29c51bf0, 0x29c51c00, 0x2a4b0000)
 compacting perm gen  total 12288K, used 1712K [0x344b0000, 0x350b0000, 0x384b0000)
   the space 12288K,  13% used [0x344b0000, 0x3465c098, 0x3465c200, 0x350b0000)
    ro space 10240K,  45% used [0x384b0000, 0x38935e50, 0x38936000, 0x38eb0000)
    rw space 12288K,  54% used [0x38eb0000, 0x39538f78, 0x39539000, 0x39ab0000)
Event: 3.900 GC heap after
Heap after GC invocations=3 (full 0):
 def new generation   total 4928K, used 192K [0x244b0000, 0x24a00000, 0x29a00000)
  eden space 4416K,   0% used [0x244b0000, 0x244b0000, 0x24900000)
  from space 512K,  37% used [0x24980000, 0x249b02e8, 0x24a00000)
  to   space 512K,   0% used [0x24900000, 0x24900000, 0x24980000)
 tenured generation   total 10944K, used 2374K [0x29a00000, 0x2a4b0000, 0x344b0000)
   the space 10944K,  21% used [0x29a00000, 0x29c51bf0, 0x29c51c00, 0x2a4b0000)
 compacting perm gen  total 12288K, used 1712K [0x344b0000, 0x350b0000, 0x384b0000)
   the space 12288K,  13% used [0x344b0000, 0x3465c098, 0x3465c200, 0x350b0000)
    ro space 10240K,  45% used [0x384b0000, 0x38935e50, 0x38936000, 0x38eb0000)
    rw space 12288K,  54% used [0x38eb0000, 0x39538f78, 0x39539000, 0x39ab0000)
}
Event: 4.009 GC heap before
{Heap before GC invocations=3 (full 0):
 def new generation   total 4928K, used 4605K [0x244b0000, 0x24a00000, 0x29a00000)
  eden space 4416K,  99% used [0x244b0000, 0x248ff160, 0x24900000)
  from space 512K,  37% used [0x24980000, 0x249b02e8, 0x24a00000)
  to   space 512K,   0% used [0x24900000, 0x24900000, 0x24980000)
 tenured generation   total 10944K, used 2374K [0x29a00000, 0x2a4b0000, 0x344b0000)
   the space 10944K,  21% used [0x29a00000, 0x29c51bf0, 0x29c51c00, 0x2a4b0000)
 compacting perm gen  total 12288K, used 1712K [0x344b0000, 0x350b0000, 0x384b0000)
   the space 12288K,  13% used [0x344b0000, 0x3465c098, 0x3465c200, 0x350b0000)
    ro space 10240K,  45% used [0x384b0000, 0x38935e50, 0x38936000, 0x38eb0000)
    rw space 12288K,  54% used [0x38eb0000, 0x39538f78, 0x39539000, 0x39ab0000)
Event: 4.011 GC heap after
Heap after GC invocations=4 (full 0):
 def new generation   total 4928K, used 89K [0x244b0000, 0x24a00000, 0x29a00000)
  eden space 4416K,   0% used [0x244b0000, 0x244b0000, 0x24900000)
  from space 512K,  17% used [0x24900000, 0x24916468, 0x24980000)
  to   space 512K,   0% used [0x24980000, 0x24980000, 0x24a00000)
 tenured generation   total 10944K, used 2374K [0x29a00000, 0x2a4b0000, 0x344b0000)
   the space 10944K,  21% used [0x29a00000, 0x29c51bf0, 0x29c51c00, 0x2a4b0000)
 compacting perm gen  total 12288K, used 1712K [0x344b0000, 0x350b0000, 0x384b0000)
   the space 12288K,  13% used [0x344b0000, 0x3465c098, 0x3465c200, 0x350b0000)
    ro space 10240K,  45% used [0x384b0000, 0x38935e50, 0x38936000, 0x38eb0000)
    rw space 12288K,  54% used [0x38eb0000, 0x39538f78, 0x39539000, 0x39ab0000)
}

Deoptimization events (0 events):
No events

Internal exceptions (10 events):
Event: 7.526 Thread 0x06d3d400 Threw 0x248949a0 at C:\jdk7u2_32P\jdk7u10\hotspot\src\share\vm\prims\jvm.cpp:1166
Event: 7.528 Thread 0x06d3d400 Threw 0x24897478 at C:\jdk7u2_32P\jdk7u10\hotspot\src\share\vm\prims\jvm.cpp:1166
Event: 7.529 Thread 0x06d3d400 Threw 0x2489b210 at C:\jdk7u2_32P\jdk7u10\hotspot\src\share\vm\prims\jvm.cpp:1166
Event: 7.530 Thread 0x06d3d400 Threw 0x248a11e0 at C:\jdk7u2_32P\jdk7u10\hotspot\src\share\vm\prims\jvm.cpp:1166
Event: 7.532 Thread 0x06d3d400 Threw 0x248a65b8 at C:\jdk7u2_32P\jdk7u10\hotspot\src\share\vm\prims\jvm.cpp:1166
Event: 7.534 Thread 0x06d3d400 Threw 0x248aa2a8 at C:\jdk7u2_32P\jdk7u10\hotspot\src\share\vm\prims\jvm.cpp:1166
Event: 7.535 Thread 0x06d3d400 Threw 0x248afa68 at C:\jdk7u2_32P\jdk7u10\hotspot\src\share\vm\prims\jvm.cpp:1166
Event: 7.537 Thread 0x06d3d400 Threw 0x248b3668 at C:\jdk7u2_32P\jdk7u10\hotspot\src\share\vm\prims\jvm.cpp:1166
Event: 7.539 Thread 0x06d3d400 Threw 0x248b8620 at C:\jdk7u2_32P\jdk7u10\hotspot\src\share\vm\prims\jni.cpp:1597
Event: 7.539 Thread 0x06d3d400 Threw 0x248b8780 at C:\jdk7u2_32P\jdk7u10\hotspot\src\share\vm\prims\jni.cpp:1597

Events (10 events):
Event: 7.534 loading class 0x04de5d20
Event: 7.534 loading class 0x04de5d20 done
Event: 7.535 loading class 0x06d37cf8
Event: 7.535 loading class 0x06d37cf8 done
Event: 7.537 loading class 0x06d38028
Event: 7.537 loading class 0x06d38028 done
Event: 7.539 loading class 0x39abd528
Event: 7.539 loading class 0x39abd6d0
Event: 7.539 loading class 0x39abd6d0 done
Event: 7.539 loading class 0x39abd528 done


Dynamic libraries:
0x011f0000 - 0x0121f000 	C:\Program Files (x86)\Java\jdk1.7.0_10\bin\java.exe
0x777d0000 - 0x77950000 	C:\Windows\SysWOW64\ntdll.dll
0x772c0000 - 0x773d0000 	C:\Windows\syswow64\kernel32.dll
0x742c0000 - 0x742d0000 	C:\Program Files\AVAST Software\Avast\x86\aswhook.dll
0x77210000 - 0x77257000 	C:\Windows\syswow64\KERNELBASE.dll
0x76790000 - 0x76830000 	C:\Windows\syswow64\ADVAPI32.dll
0x752a0000 - 0x7534c000 	C:\Windows\syswow64\msvcrt.dll
0x76bc0000 - 0x76bd9000 	C:\Windows\SysWOW64\sechost.dll
0x76ea0000 - 0x76f90000 	C:\Windows\syswow64\RPCRT4.dll
0x75140000 - 0x751a0000 	C:\Windows\syswow64\SspiCli.dll
0x75130000 - 0x7513c000 	C:\Windows\syswow64\CRYPTBASE.dll
0x75710000 - 0x75810000 	C:\Windows\syswow64\USER32.dll
0x753f0000 - 0x75480000 	C:\Windows\syswow64\GDI32.dll
0x76b40000 - 0x76b4a000 	C:\Windows\syswow64\LPK.dll
0x76f90000 - 0x7702d000 	C:\Windows\syswow64\USP10.dll
0x73550000 - 0x736ee000 	C:\Windows\WinSxS\x86_microsoft.windows.common-controls_6595b64144ccf1df_6.0.7601.18837_none_41e855142bd5705d\COMCTL32.dll
0x76990000 - 0x769e7000 	C:\Windows\syswow64\SHLWAPI.dll
0x77260000 - 0x772c0000 	C:\Windows\system32\IMM32.DLL
0x751a0000 - 0x7526c000 	C:\Windows\syswow64\MSCTF.dll
0x701d0000 - 0x7028d000 	C:\Program Files (x86)\Java\jdk1.7.0_10\jre\bin\msvcr100.dll
0x6fb70000 - 0x6febc000 	C:\Program Files (x86)\Java\jdk1.7.0_10\jre\bin\client\jvm.dll
0x724d0000 - 0x724d7000 	C:\Windows\system32\WSOCK32.dll
0x76bf0000 - 0x76c25000 	C:\Windows\syswow64\WS2_32.dll
0x75290000 - 0x75296000 	C:\Windows\syswow64\NSI.dll
0x736f0000 - 0x73722000 	C:\Windows\system32\WINMM.dll
0x75280000 - 0x75285000 	C:\Windows\syswow64\PSAPI.DLL
0x750c0000 - 0x750cc000 	C:\Program Files (x86)\Java\jdk1.7.0_10\jre\bin\verify.dll
0x750a0000 - 0x750c0000 	C:\Program Files (x86)\Java\jdk1.7.0_10\jre\bin\java.dll
0x75080000 - 0x75093000 	C:\Program Files (x86)\Java\jdk1.7.0_10\jre\bin\zip.dll
0x70080000 - 0x701c2000 	C:\Program Files (x86)\Java\jdk1.7.0_10\jre\bin\awt.dll
0x759f0000 - 0x75a7f000 	C:\Windows\syswow64\OLEAUT32.dll
0x76830000 - 0x7698c000 	C:\Windows\syswow64\ole32.dll
0x71ef0000 - 0x71f70000 	C:\Windows\system32\uxtheme.dll
0x74e60000 - 0x74e73000 	C:\Windows\system32\dwmapi.dll
0x75b40000 - 0x7678b000 	C:\Windows\syswow64\SHELL32.dll
0x6f500000 - 0x6f584000 	C:\Windows\WinSxS\x86_microsoft.windows.common-controls_6595b64144ccf1df_5.82.7601.18837_none_ec86b8d6858ec0bc\comctl32.dll
0x73c30000 - 0x73c5a000 	C:\Program Files (x86)\Java\jdk1.7.0_10\jre\bin\fontmanager.dll
0x73c60000 - 0x73c74000 	C:\Program Files (x86)\Java\jdk1.7.0_10\jre\bin\net.dll
0x730d0000 - 0x7310c000 	C:\Windows\system32\mswsock.dll
0x72f50000 - 0x72f56000 	C:\Windows\System32\wship6.dll
0x75070000 - 0x7507f000 	C:\Program Files (x86)\Java\jdk1.7.0_10\jre\bin\nio.dll
0x717f0000 - 0x71821000 	C:\Program Files (x86)\Java\jdk1.7.0_10\jre\bin\t2k.dll
0x75850000 - 0x759ed000 	C:\Windows\syswow64\SETUPAPI.dll
0x75b10000 - 0x75b37000 	C:\Windows\syswow64\CFGMGR32.dll
0x76ba0000 - 0x76bb2000 	C:\Windows\syswow64\DEVOBJ.dll
0x75a80000 - 0x75b03000 	C:\Windows\syswow64\CLBCatQ.DLL
0x74f30000 - 0x75025000 	C:\Windows\system32\propsys.dll
0x73270000 - 0x73291000 	C:\Windows\system32\ntmarta.dll
0x76b50000 - 0x76b95000 	C:\Windows\syswow64\WLDAP32.dll
0x72c50000 - 0x72c9c000 	C:\Windows\system32\apphelp.dll
0x6f030000 - 0x6f1c8000 	C:\Windows\system32\NetworkExplorer.dll
0x70050000 - 0x7007f000 	C:\Windows\System32\shdocvw.dll
0x75350000 - 0x7535b000 	C:\Windows\syswow64\profapi.dll
0x72ed0000 - 0x72eda000 	C:\Windows\system32\slc.dll
0x6f6c0000 - 0x6f6d2000 	C:\Windows\system32\MPR.dll
0x724f0000 - 0x724f8000 	C:\Windows\System32\drprov.dll
0x72620000 - 0x72649000 	C:\Windows\System32\WINSTA.dll
0x70b20000 - 0x70b34000 	C:\Windows\System32\ntlanman.dll
0x70690000 - 0x706a7000 	C:\Windows\System32\davclnt.dll
0x724e0000 - 0x724e8000 	C:\Windows\System32\DAVHLPR.dll
0x72cd0000 - 0x72cdf000 	C:\Windows\system32\wkscli.dll
0x729e0000 - 0x729eb000 	C:\Windows\system32\cscapi.dll
0x72d00000 - 0x72d09000 	C:\Windows\system32\netutils.dll
0x6db50000 - 0x6dd88000 	C:\Windows\system32\wpdshext.dll
0x733c0000 - 0x73550000 	C:\Windows\WinSxS\x86_microsoft.windows.gdiplus_6595b64144ccf1df_1.1.7601.19044_none_72d48fa18666b13e\gdiplus.dll
0x6f470000 - 0x6f4f9000 	C:\Windows\system32\PortableDeviceApi.dll
0x75810000 - 0x7583f000 	C:\Windows\syswow64\WINTRUST.dll
0x77030000 - 0x77151000 	C:\Windows\syswow64\CRYPT32.dll
0x76e70000 - 0x76e7c000 	C:\Windows\syswow64\MSASN1.dll
0x6fb30000 - 0x6fb6f000 	C:\Windows\system32\audiodev.dll
0x6edc0000 - 0x6f027000 	C:\Windows\system32\WMVCore.DLL
0x70010000 - 0x7004d000 	C:\Windows\system32\WMASF.DLL
0x74b50000 - 0x74b81000 	C:\Windows\system32\EhStorShell.dll
0x70660000 - 0x70682000 	C:\Windows\system32\EhStorAPI.dll
0x70000000 - 0x70009000 	C:\Windows\system32\LINKINFO.dll
0x74bd0000 - 0x74d01000 	C:\Windows\system32\WindowsCodecs.dll
0x746f0000 - 0x74afb000 	C:\PROGRA~2\MICROS~1\Office14\GROOVEEX.DLL
0x73730000 - 0x737d3000 	C:\Windows\WinSxS\x86_microsoft.vc90.crt_1fc8b3b9a1e18e3b_9.0.30729.4940_none_50916076bcb9a742\MSVCR90.dll
0x74e80000 - 0x74f0e000 	C:\Windows\WinSxS\x86_microsoft.vc90.crt_1fc8b3b9a1e18e3b_9.0.30729.4940_none_50916076bcb9a742\MSVCP90.dll
0x74e30000 - 0x74e5b000 	C:\Windows\WinSxS\x86_microsoft.vc90.atl_1fc8b3b9a1e18e3b_9.0.30729.4148_none_51ca66a2bbe76806\ATL90.DLL
0x742e0000 - 0x746ef000 	C:\PROGRA~2\COMMON~1\MICROS~1\OFFICE14\Cultures\office.odf
0x70e90000 - 0x716f4000 	C:\PROGRA~2\MICROS~1\Office14\1033\GrooveIntlResource.dll
0x74200000 - 0x74270000 	C:\Windows\system32\ntshrui.dll
0x72ce0000 - 0x72cf9000 	C:\Windows\system32\srvcli.dll
0x10000000 - 0x10029000 	C:\Program Files (x86)\Java\jdk1.7.0_10\bin\Jpcap.dll
0x05330000 - 0x0537c000 	C:\Windows\system32\wpcap.dll
0x049b0000 - 0x049c8000 	C:\Windows\system32\packet.dll
0x731e0000 - 0x731e9000 	C:\Windows\system32\VERSION.dll
0x731c0000 - 0x731dc000 	C:\Windows\system32\iphlpapi.dll
0x731b0000 - 0x731b7000 	C:\Windows\system32\WINNSI.DLL
0x73190000 - 0x731a2000 	C:\Windows\system32\dhcpcsvc.DLL
0x73110000 - 0x7311d000 	C:\Windows\system32\dhcpcsvc6.DLL
0x71700000 - 0x717eb000 	C:\Windows\system32\dbghelp.dll

VM Arguments:
jvm_args: -Dfile.encoding=UTF-8 
java_command: GUI
Launcher Type: SUN_STANDARD

Environment Variables:
PATH=C:\Program Files (x86)\Common Files\Oracle\Java\javapath;C:\ProgramData\Oracle\Java\javapath;C:\Program Files (x86)\Intel\iCLS Client\;C:\Program Files\Intel\iCLS Client\;C:\Windows\system32;C:\Windows;C:\Windows\System32\Wbem;C:\Windows\System32\WindowsPowerShell\v1.0\;C:\Program Files (x86)\Intel\Intel(R) Management Engine Components\DAL;C:\Program Files\Intel\Intel(R) Management Engine Components\DAL;C:\Program Files (x86)\Intel\Intel(R) Management Engine Components\IPT;C:\Program Files\Intel\Intel(R) Management Engine Components\IPT;C:\Program Files\Intel\WiFi\bin\;C:\Program Files\Common Files\Intel\WirelessCommon\;C:\Program Files\MATLAB\MATLAB Production Server\R2015a\runtime\win64;C:\Program Files\MATLAB\MATLAB Production Server\R2015a\bin;C:\Program Files\MATLAB\R2013a\runtime\win64;C:\Program Files\MATLAB\R2013a\bin;C:\Program Files\MATLAB\R2010a\runtime\win64;C:\Program Files\MATLAB\R2010a\bin;C:\Program Files (x86)\Microsoft SQL Server\90\Tools\binn\;C:\Program Files\MATLAB\MATLAB Production Server\R2015a\polyspace\bin;C:\Users\Lohith\AppData\Local\Programs\Python\Python37-32;C:\Users\Lohith\AppData\Local\Programs\Python\Python37-32\python.exe;C:\Program Files\PuTTY\;C:\Program Files\nodejs\;C:\Users\Lohith\AppData\Local\Programs\Python\Python37-32\Lib\site-packages\selenium;C:\Users\Lohith\AppData\Local\Programs\Python\Python37-32\Scripts;C:\Users\Lohith\AppData\Local\Programs\Python\Python37-32\Lib\site-packages\selenium\webdriver;C:\Program Files\Git\cmd;OPENCV_DIR\bin;C:\Users\Lohith\Anaconda3;C:\Users\Lohith\Anaconda3\Library\mingw-w64\bin;C:\Users\Lohith\Anaconda3\Library\usr\bin;C:\Users\Lohith\Anaconda3\Library\bin;C:\Users\Lohith\Anaconda3\Scripts;C:\Program Files\Java\jdk1.8.0_111\bin;C:\Users\Lohith\AppData\Roaming\npm;C:\Users\Lohith\AppData\Local\Programs\Microsoft VS Code\bin
USERNAME=Lohith
OS=Windows_NT
PROCESSOR_IDENTIFIER=Intel64 Family 6 Model 78 Stepping 3, GenuineIntel



---------------  S Y S T E M  ---------------

OS: Windows 7 , 64 bit Build 7601 Service Pack 1

CPU:total 4 (2 cores per cpu, 2 threads per core) family 6 model 78 stepping 3, cmov, cx8, fxsr, mmx, sse, sse2, sse3, ssse3, sse4.1, sse4.2, popcnt, avx, avx2, ht, tsc, tscinvbit

Memory: 4k page, physical 3888624k(529544k free), swap 7775412k(3601792k free)

vm_info: Java HotSpot(TM) Client VM (23.6-b04) for windows-x86 JRE (1.7.0_10-b18), built on Nov 28 2012 08:34:29 by "java_re" with unknown MS VC++:1600

time: Sat Oct 26 15:44:26 2019
elapsed time: 7 seconds

