#
# A fatal error has been detected by the Java Runtime Environment:
#
#  EXCEPTION_ACCESS_VIOLATION (0xc0000005) at pc=0x6fc227ff, pid=7644, tid=8164
#
# JRE version: 7.0_10-b18
# Java VM: Java HotSpot(TM) Client VM (23.6-b04 mixed mode, sharing windows-x86 )
# Problematic frame:
# V  [jvm.dll+0xb27ff]
#
# Failed to write core dump. Minidumps are not enabled by default on client versions of Windows
#
# If you would like to submit a bug report, please visit:
#   http://bugreport.sun.com/bugreport/crash.jsp
#

---------------  T H R E A D  ---------------

Current thread (0x06ffd000):  JavaThread "Thread-3" [_thread_in_vm, id=8164, stack(0x05460000,0x054b0000)]

siginfo: ExceptionCode=0xc0000005, reading address 0x00000000

Registers:
EAX=0x00000000, EBX=0x00000000, ECX=0x00000000, EDX=0x00000000
ESP=0x054af2ac, EBP=0x054af2f4, ESI=0x06ffd000, EDI=0x06ffd128
EIP=0x6fc227ff, EFLAGS=0x00010246

Top of Stack: (sp=0x054af2ac)
0x054af2ac:   05533e4c 06ffd128 054af374 6fb73d63
0x054af2bc:   06ffd000 7322aca4 070026a0 054af51c
0x054af2cc:   06ffd000 054af2c0 0000000e 054af57c
0x054af2dc:   6fddce7e 198cc354 06ffd000 00000000
0x054af2ec:   6fc19139 06ffd000 054af348 10002152
0x054af2fc:   06ffd128 00e1a860 00000000 5db41cd5
0x054af30c:   00000000 0009b60b 00000000 00000041
0x054af31c:   00000041 00000000 06ffd128 056909f0 

Instructions: (pc=0x6fc227ff)
0x6fc227df:   83 c4 08 89 75 f0 89 5d f4 39 5e 04 74 08 8d 4d
0x6fc227ef:   f0 e8 8b a9 0b 00 8b 45 10 c7 45 e0 0e 00 00 00
0x6fc227ff:   8b 08 e8 fa 82 f5 ff 50 8d 4d c4 e8 91 d9 08 00
0x6fc2280f:   8b 45 10 56 8d 55 c4 52 8d 4d 14 50 89 4d dc 8b 


Register to memory mapping:

EAX=0x00000000 is an unknown value
EBX=0x00000000 is an unknown value
ECX=0x00000000 is an unknown value
EDX=0x00000000 is an unknown value
ESP=0x054af2ac is pointing into the stack for thread: 0x06ffd000
EBP=0x054af2f4 is pointing into the stack for thread: 0x06ffd000
ESI=0x06ffd000 is a thread
EDI=0x06ffd128 is an unknown value


Stack: [0x05460000,0x054b0000],  sp=0x054af2ac,  free space=316k
Native frames: (J=compiled Java code, j=interpreted, Vv=VM code, C=native code)
V  [jvm.dll+0xb27ff]
C  [Jpcap.dll+0x2152]  Java_jpcap_JpcapCaptor_getPacketReadTimeout+0x2f2

Java frames: (J=compiled Java code, j=interpreted, Vv=VM code)
j  jpcap.JpcapCaptor.loopPacket(ILjpcap/PacketReceiver;)I+0
j  TCPDump.startRecieving(LTCPDump;)V+316
j  TCPDump.run()V+1
v  ~StubRoutines::call_stub

---------------  P R O C E S S  ---------------

Java Threads: ( => current thread )
=>0x06ffd000 JavaThread "Thread-3" [_thread_in_vm, id=8164, stack(0x05460000,0x054b0000)]
  0x06ff7000 JavaThread "TimerQueue" daemon [_thread_blocked, id=4360, stack(0x054c0000,0x05510000)]
  0x04d96c00 JavaThread "Swing-Shell" daemon [_thread_blocked, id=8048, stack(0x05900000,0x05950000)]
  0x00e9c000 JavaThread "DestroyJavaVM" [_thread_blocked, id=8184, stack(0x00460000,0x004b0000)]
  0x04ce3000 JavaThread "AWT-EventQueue-0" [_thread_blocked, id=8168, stack(0x052d0000,0x05320000)]
  0x04ce2400 JavaThread "AWT-Windows" daemon [_thread_in_native, id=4500, stack(0x05030000,0x05080000)]
  0x04ce1800 JavaThread "AWT-Shutdown" [_thread_blocked, id=3876, stack(0x04f80000,0x04fd0000)]
  0x04cdf000 JavaThread "Java2D Disposer" daemon [_thread_blocked, id=5756, stack(0x04fe0000,0x05030000)]
  0x00e22c00 JavaThread "Service Thread" daemon [_thread_blocked, id=7556, stack(0x04b00000,0x04b50000)]
  0x00e1d800 JavaThread "C1 CompilerThread0" daemon [_thread_blocked, id=4480, stack(0x04a00000,0x04a50000)]
  0x00e1c400 JavaThread "Attach Listener" daemon [_thread_blocked, id=7980, stack(0x04980000,0x049d0000)]
  0x00e1b400 JavaThread "Signal Dispatcher" daemon [_thread_blocked, id=8096, stack(0x01160000,0x011b0000)]
  0x00e04c00 JavaThread "Finalizer" daemon [_thread_blocked, id=8128, stack(0x04730000,0x04780000)]
  0x00e03400 JavaThread "Reference Handler" daemon [_thread_blocked, id=5496, stack(0x006e0000,0x00730000)]

Other Threads:
  0x00e01800 VMThread [stack: 0x00fc0000,0x01010000] [id=2832]
  0x00e3e800 WatcherThread [stack: 0x04be0000,0x04c30000] [id=5048]

VM state:not at safepoint (normal execution)

VM Mutex/Monitor currently owned by a thread: None

Heap
 def new generation   total 4928K, used 1991K [0x244b0000, 0x24a00000, 0x29a00000)
  eden space 4416K,  40% used [0x244b0000, 0x246702b0, 0x24900000)
  from space 512K,  38% used [0x24980000, 0x249b1b50, 0x24a00000)
  to   space 512K,   0% used [0x24900000, 0x24900000, 0x24980000)
 tenured generation   total 10944K, used 2375K [0x29a00000, 0x2a4b0000, 0x344b0000)
   the space 10944K,  21% used [0x29a00000, 0x29c51c48, 0x29c51e00, 0x2a4b0000)
 compacting perm gen  total 12288K, used 2132K [0x344b0000, 0x350b0000, 0x384b0000)
   the space 12288K,  17% used [0x344b0000, 0x346c5158, 0x346c5200, 0x350b0000)
    ro space 10240K,  45% used [0x384b0000, 0x38935e50, 0x38936000, 0x38eb0000)
    rw space 12288K,  54% used [0x38eb0000, 0x39538f78, 0x39539000, 0x39ab0000)

Card table byte_map: [0x00ea0000,0x00f50000] byte_map_base: 0x00d7da80

Polling page: 0x001b0000

Code Cache  [0x02620000, 0x02748000, 0x04620000)
 total_blobs=577 nmethods=350 adapters=162 free_code_cache=31596Kb largest_free_block=32354816

Compilation events (10 events):
Event: 11.317 Thread 0x00e1d800  343             java.util.zip.ZipCoder::getBytes (192 bytes)
Event: 11.319 Thread 0x00e1d800 nmethod 343 0x02742cc8 code [0x02742ef0, 0x027439e0]
Event: 11.319 Thread 0x00e1d800  344             java.util.zip.ZipCoder::encoder (35 bytes)
Event: 11.320 Thread 0x00e1d800 nmethod 344 0x02744388 code [0x02744490, 0x0274457c]
Event: 11.320 Thread 0x00e1d800  345             java.nio.charset.CharsetEncoder::reset (11 bytes)
Event: 11.320 Thread 0x00e1d800 nmethod 345 0x02744608 code [0x02744700, 0x02744780]
Event: 11.320 Thread 0x00e1d800  346             java.nio.charset.CharsetEncoder::implReset (1 bytes)
Event: 11.320 Thread 0x00e1d800 nmethod 346 0x027447c8 code [0x027448c0, 0x02744940]
Event: 11.320 Thread 0x00e1d800  347             java.nio.charset.CharsetEncoder::maxBytesPerChar (5 bytes)
Event: 11.320 Thread 0x00e1d800 nmethod 347 0x02744988 code [0x02744a80, 0x02744b00]

GC Heap History (10 events):
Event: 1.121 GC heap before
{Heap before GC invocations=0 (full 0):
 def new generation   total 4928K, used 3938K [0x244b0000, 0x24a00000, 0x29a00000)
  eden space 4416K,  89% used [0x244b0000, 0x24888b30, 0x24900000)
  from space 512K,   0% used [0x24900000, 0x24900000, 0x24980000)
  to   space 512K,   0% used [0x24980000, 0x24980000, 0x24a00000)
 tenured generation   total 10944K, used 0K [0x29a00000, 0x2a4b0000, 0x344b0000)
   the space 10944K,   0% used [0x29a00000, 0x29a00000, 0x29a00200, 0x2a4b0000)
 compacting perm gen  total 12288K, used 1636K [0x344b0000, 0x350b0000, 0x384b0000)
   the space 12288K,  13% used [0x344b0000, 0x34649348, 0x34649400, 0x350b0000)
    ro space 10240K,  45% used [0x384b0000, 0x38935e50, 0x38936000, 0x38eb0000)
    rw space 12288K,  54% used [0x38eb0000, 0x39538f78, 0x39539000, 0x39ab0000)
Event: 1.134 GC heap after
Heap after GC invocations=1 (full 0):
 def new generation   total 4928K, used 512K [0x244b0000, 0x24a00000, 0x29a00000)
  eden space 4416K,   0% used [0x244b0000, 0x244b0000, 0x24900000)
  from space 512K, 100% used [0x24980000, 0x24a00000, 0x24a00000)
  to   space 512K,   0% used [0x24900000, 0x24900000, 0x24980000)
 tenured generation   total 10944K, used 687K [0x29a00000, 0x2a4b0000, 0x344b0000)
   the space 10944K,   6% used [0x29a00000, 0x29aabcb0, 0x29aabe00, 0x2a4b0000)
 compacting perm gen  total 12288K, used 1636K [0x344b0000, 0x350b0000, 0x384b0000)
   the space 12288K,  13% used [0x344b0000, 0x34649348, 0x34649400, 0x350b0000)
    ro space 10240K,  45% used [0x384b0000, 0x38935e50, 0x38936000, 0x38eb0000)
    rw space 12288K,  54% used [0x38eb0000, 0x39538f78, 0x39539000, 0x39ab0000)
}
Event: 3.332 GC heap before
{Heap before GC invocations=1 (full 0):
 def new generation   total 4928K, used 4928K [0x244b0000, 0x24a00000, 0x29a00000)
  eden space 4416K, 100% used [0x244b0000, 0x24900000, 0x24900000)
  from space 512K, 100% used [0x24980000, 0x24a00000, 0x24a00000)
  to   space 512K,   0% used [0x24900000, 0x24900000, 0x24980000)
 tenured generation   total 10944K, used 687K [0x29a00000, 0x2a4b0000, 0x344b0000)
   the space 10944K,   6% used [0x29a00000, 0x29aabcb0, 0x29aabe00, 0x2a4b0000)
 compacting perm gen  total 12288K, used 1700K [0x344b0000, 0x350b0000, 0x384b0000)
   the space 12288K,  13% used [0x344b0000, 0x34659190, 0x34659200, 0x350b0000)
    ro space 10240K,  45% used [0x384b0000, 0x38935e50, 0x38936000, 0x38eb0000)
    rw space 12288K,  54% used [0x38eb0000, 0x39538f78, 0x39539000, 0x39ab0000)
Event: 3.345 GC heap after
Heap after GC invocations=2 (full 0):
 def new generation   total 4928K, used 173K [0x244b0000, 0x24a00000, 0x29a00000)
  eden space 4416K,   0% used [0x244b0000, 0x244b0000, 0x24900000)
  from space 512K,  33% used [0x24900000, 0x2492b748, 0x24980000)
  to   space 512K,   0% used [0x24980000, 0x24980000, 0x24a00000)
 tenured generation   total 10944K, used 2375K [0x29a00000, 0x2a4b0000, 0x344b0000)
   the space 10944K,  21% used [0x29a00000, 0x29c51c48, 0x29c51e00, 0x2a4b0000)
 compacting perm gen  total 12288K, used 1700K [0x344b0000, 0x350b0000, 0x384b0000)
   the space 12288K,  13% used [0x344b0000, 0x34659190, 0x34659200, 0x350b0000)
    ro space 10240K,  45% used [0x384b0000, 0x38935e50, 0x38936000, 0x38eb0000)
    rw space 12288K,  54% used [0x38eb0000, 0x39538f78, 0x39539000, 0x39ab0000)
}
Event: 3.424 GC heap before
{Heap before GC invocations=2 (full 0):
 def new generation   total 4928K, used 4589K [0x244b0000, 0x24a00000, 0x29a00000)
  eden space 4416K, 100% used [0x244b0000, 0x24900000, 0x24900000)
  from space 512K,  33% used [0x24900000, 0x2492b748, 0x24980000)
  to   space 512K,   0% used [0x24980000, 0x24980000, 0x24a00000)
 tenured generation   total 10944K, used 2375K [0x29a00000, 0x2a4b0000, 0x344b0000)
   the space 10944K,  21% used [0x29a00000, 0x29c51c48, 0x29c51e00, 0x2a4b0000)
 compacting perm gen  total 12288K, used 1712K [0x344b0000, 0x350b0000, 0x384b0000)
   the space 12288K,  13% used [0x344b0000, 0x3465c058, 0x3465c200, 0x350b0000)
    ro space 10240K,  45% used [0x384b0000, 0x38935e50, 0x38936000, 0x38eb0000)
    rw space 12288K,  54% used [0x38eb0000, 0x39538f78, 0x39539000, 0x39ab0000)
Event: 3.429 GC heap after
Heap after GC invocations=3 (full 0):
 def new generation   total 4928K, used 201K [0x244b0000, 0x24a00000, 0x29a00000)
  eden space 4416K,   0% used [0x244b0000, 0x244b0000, 0x24900000)
  from space 512K,  39% used [0x24980000, 0x249b2530, 0x24a00000)
  to   space 512K,   0% used [0x24900000, 0x24900000, 0x24980000)
 tenured generation   total 10944K, used 2375K [0x29a00000, 0x2a4b0000, 0x344b0000)
   the space 10944K,  21% used [0x29a00000, 0x29c51c48, 0x29c51e00, 0x2a4b0000)
 compacting perm gen  total 12288K, used 1712K [0x344b0000, 0x350b0000, 0x384b0000)
   the space 12288K,  13% used [0x344b0000, 0x3465c058, 0x3465c200, 0x350b0000)
    ro space 10240K,  45% used [0x384b0000, 0x38935e50, 0x38936000, 0x38eb0000)
    rw space 12288K,  54% used [0x38eb0000, 0x39538f78, 0x39539000, 0x39ab0000)
}
Event: 3.507 GC heap before
{Heap before GC invocations=3 (full 0):
 def new generation   total 4928K, used 4617K [0x244b0000, 0x24a00000, 0x29a00000)
  eden space 4416K, 100% used [0x244b0000, 0x24900000, 0x24900000)
  from space 512K,  39% used [0x24980000, 0x249b2530, 0x24a00000)
  to   space 512K,   0% used [0x24900000, 0x24900000, 0x24980000)
 tenured generation   total 10944K, used 2375K [0x29a00000, 0x2a4b0000, 0x344b0000)
   the space 10944K,  21% used [0x29a00000, 0x29c51c48, 0x29c51e00, 0x2a4b0000)
 compacting perm gen  total 12288K, used 1712K [0x344b0000, 0x350b0000, 0x384b0000)
   the space 12288K,  13% used [0x344b0000, 0x3465c058, 0x3465c200, 0x350b0000)
    ro space 10240K,  45% used [0x384b0000, 0x38935e50, 0x38936000, 0x38eb0000)
    rw space 12288K,  54% used [0x38eb0000, 0x39538f78, 0x39539000, 0x39ab0000)
Event: 3.510 GC heap after
Heap after GC invocations=4 (full 0):
 def new generation   total 4928K, used 182K [0x244b0000, 0x24a00000, 0x29a00000)
  eden space 4416K,   0% used [0x244b0000, 0x244b0000, 0x24900000)
  from space 512K,  35% used [0x24900000, 0x2492db70, 0x24980000)
  to   space 512K,   0% used [0x24980000, 0x24980000, 0x24a00000)
 tenured generation   total 10944K, used 2375K [0x29a00000, 0x2a4b0000, 0x344b0000)
   the space 10944K,  21% used [0x29a00000, 0x29c51c48, 0x29c51e00, 0x2a4b0000)
 compacting perm gen  total 12288K, used 1712K [0x344b0000, 0x350b0000, 0x384b0000)
   the space 12288K,  13% used [0x344b0000, 0x3465c058, 0x3465c200, 0x350b0000)
    ro space 10240K,  45% used [0x384b0000, 0x38935e50, 0x38936000, 0x38eb0000)
    rw space 12288K,  54% used [0x38eb0000, 0x39538f78, 0x39539000, 0x39ab0000)
}
Event: 6.550 GC heap before
{Heap before GC invocations=4 (full 0):
 def new generation   total 4928K, used 4598K [0x244b0000, 0x24a00000, 0x29a00000)
  eden space 4416K, 100% used [0x244b0000, 0x24900000, 0x24900000)
  from space 512K,  35% used [0x24900000, 0x2492db70, 0x24980000)
  to   space 512K,   0% used [0x24980000, 0x24980000, 0x24a00000)
 tenured generation   total 10944K, used 2375K [0x29a00000, 0x2a4b0000, 0x344b0000)
   the space 10944K,  21% used [0x29a00000, 0x29c51c48, 0x29c51e00, 0x2a4b0000)
 compacting perm gen  total 12288K, used 1914K [0x344b0000, 0x350b0000, 0x384b0000)
   the space 12288K,  15% used [0x344b0000, 0x3468e858, 0x3468ea00, 0x350b0000)
    ro space 10240K,  45% used [0x384b0000, 0x38935e50, 0x38936000, 0x38eb0000)
    rw space 12288K,  54% used [0x38eb0000, 0x39538f78, 0x39539000, 0x39ab0000)
Event: 6.554 GC heap after
Heap after GC invocations=5 (full 0):
 def new generation   total 4928K, used 198K [0x244b0000, 0x24a00000, 0x29a00000)
  eden space 4416K,   0% used [0x244b0000, 0x244b0000, 0x24900000)
  from space 512K,  38% used [0x24980000, 0x249b1b50, 0x24a00000)
  to   space 512K,   0% used [0x24900000, 0x24900000, 0x24980000)
 tenured generation   total 10944K, used 2375K [0x29a00000, 0x2a4b0000, 0x344b0000)
   the space 10944K,  21% used [0x29a00000, 0x29c51c48, 0x29c51e00, 0x2a4b0000)
 compacting perm gen  total 12288K, used 1914K [0x344b0000, 0x350b0000, 0x384b0000)
   the space 12288K,  15% used [0x344b0000, 0x3468e858, 0x3468ea00, 0x350b0000)
    ro space 10240K,  45% used [0x384b0000, 0x38935e50, 0x38936000, 0x38eb0000)
    rw space 12288K,  54% used [0x38eb0000, 0x39538f78, 0x39539000, 0x39ab0000)
}

Deoptimization events (0 events):
No events

Internal exceptions (10 events):
Event: 11.312 Thread 0x06ffd000 Threw 0x24644d10 at C:\jdk7u2_32P\jdk7u10\hotspot\src\share\vm\prims\jvm.cpp:1166
Event: 11.312 Thread 0x06ffd000 Threw 0x246477e8 at C:\jdk7u2_32P\jdk7u10\hotspot\src\share\vm\prims\jvm.cpp:1166
Event: 11.313 Thread 0x06ffd000 Threw 0x2464b5a8 at C:\jdk7u2_32P\jdk7u10\hotspot\src\share\vm\prims\jvm.cpp:1166
Event: 11.315 Thread 0x06ffd000 Threw 0x2464ff10 at C:\jdk7u2_32P\jdk7u10\hotspot\src\share\vm\prims\jvm.cpp:1166
Event: 11.316 Thread 0x06ffd000 Threw 0x246568c0 at C:\jdk7u2_32P\jdk7u10\hotspot\src\share\vm\prims\jvm.cpp:1166
Event: 11.323 Thread 0x06ffd000 Threw 0x2465a900 at C:\jdk7u2_32P\jdk7u10\hotspot\src\share\vm\prims\jvm.cpp:1166
Event: 11.324 Thread 0x06ffd000 Threw 0x246600c0 at C:\jdk7u2_32P\jdk7u10\hotspot\src\share\vm\prims\jvm.cpp:1166
Event: 11.325 Thread 0x06ffd000 Threw 0x24663a80 at C:\jdk7u2_32P\jdk7u10\hotspot\src\share\vm\prims\jvm.cpp:1166
Event: 11.326 Thread 0x06ffd000 Threw 0x24668a38 at C:\jdk7u2_32P\jdk7u10\hotspot\src\share\vm\prims\jni.cpp:1597
Event: 11.326 Thread 0x06ffd000 Threw 0x24668b98 at C:\jdk7u2_32P\jdk7u10\hotspot\src\share\vm\prims\jni.cpp:1597

Events (10 events):
Event: 11.323 loading class 0x04e20838
Event: 11.323 loading class 0x04e20838 done
Event: 11.324 loading class 0x06ff9c20
Event: 11.324 loading class 0x06ff9c20 done
Event: 11.325 loading class 0x06ff9f50
Event: 11.325 loading class 0x06ff9f50 done
Event: 11.326 loading class 0x39abd528
Event: 11.326 loading class 0x39abd6d0
Event: 11.326 loading class 0x39abd6d0 done
Event: 11.326 loading class 0x39abd528 done


Dynamic libraries:
0x011f0000 - 0x0121f000 	C:\Program Files (x86)\Java\jdk1.7.0_10\bin\java.exe
0x777d0000 - 0x77950000 	C:\Windows\SysWOW64\ntdll.dll
0x772c0000 - 0x773d0000 	C:\Windows\syswow64\kernel32.dll
0x742c0000 - 0x742d0000 	C:\Program Files\AVAST Software\Avast\x86\aswhook.dll
0x77210000 - 0x77257000 	C:\Windows\syswow64\KERNELBASE.dll
0x76790000 - 0x76830000 	C:\Windows\syswow64\ADVAPI32.dll
0x752a0000 - 0x7534c000 	C:\Windows\syswow64\msvcrt.dll
0x76bc0000 - 0x76bd9000 	C:\Windows\SysWOW64\sechost.dll
0x76ea0000 - 0x76f90000 	C:\Windows\syswow64\RPCRT4.dll
0x75140000 - 0x751a0000 	C:\Windows\syswow64\SspiCli.dll
0x75130000 - 0x7513c000 	C:\Windows\syswow64\CRYPTBASE.dll
0x75710000 - 0x75810000 	C:\Windows\syswow64\USER32.dll
0x753f0000 - 0x75480000 	C:\Windows\syswow64\GDI32.dll
0x76b40000 - 0x76b4a000 	C:\Windows\syswow64\LPK.dll
0x76f90000 - 0x7702d000 	C:\Windows\syswow64\USP10.dll
0x73550000 - 0x736ee000 	C:\Windows\WinSxS\x86_microsoft.windows.common-controls_6595b64144ccf1df_6.0.7601.18837_none_41e855142bd5705d\COMCTL32.dll
0x76990000 - 0x769e7000 	C:\Windows\syswow64\SHLWAPI.dll
0x77260000 - 0x772c0000 	C:\Windows\system32\IMM32.DLL
0x751a0000 - 0x7526c000 	C:\Windows\syswow64\MSCTF.dll
0x701d0000 - 0x7028d000 	C:\Program Files (x86)\Java\jdk1.7.0_10\jre\bin\msvcr100.dll
0x6fb70000 - 0x6febc000 	C:\Program Files (x86)\Java\jdk1.7.0_10\jre\bin\client\jvm.dll
0x724d0000 - 0x724d7000 	C:\Windows\system32\WSOCK32.dll
0x76bf0000 - 0x76c25000 	C:\Windows\syswow64\WS2_32.dll
0x75290000 - 0x75296000 	C:\Windows\syswow64\NSI.dll
0x736f0000 - 0x73722000 	C:\Windows\system32\WINMM.dll
0x75280000 - 0x75285000 	C:\Windows\syswow64\PSAPI.DLL
0x750c0000 - 0x750cc000 	C:\Program Files (x86)\Java\jdk1.7.0_10\jre\bin\verify.dll
0x750a0000 - 0x750c0000 	C:\Program Files (x86)\Java\jdk1.7.0_10\jre\bin\java.dll
0x75080000 - 0x75093000 	C:\Program Files (x86)\Java\jdk1.7.0_10\jre\bin\zip.dll
0x70080000 - 0x701c2000 	C:\Program Files (x86)\Java\jdk1.7.0_10\jre\bin\awt.dll
0x759f0000 - 0x75a7f000 	C:\Windows\syswow64\OLEAUT32.dll
0x76830000 - 0x7698c000 	C:\Windows\syswow64\ole32.dll
0x71ef0000 - 0x71f70000 	C:\Windows\system32\uxtheme.dll
0x74e60000 - 0x74e73000 	C:\Windows\system32\dwmapi.dll
0x75b40000 - 0x7678b000 	C:\Windows\syswow64\SHELL32.dll
0x6f500000 - 0x6f584000 	C:\Windows\WinSxS\x86_microsoft.windows.common-controls_6595b64144ccf1df_5.82.7601.18837_none_ec86b8d6858ec0bc\comctl32.dll
0x73c30000 - 0x73c5a000 	C:\Program Files (x86)\Java\jdk1.7.0_10\jre\bin\fontmanager.dll
0x73c60000 - 0x73c74000 	C:\Program Files (x86)\Java\jdk1.7.0_10\jre\bin\net.dll
0x730d0000 - 0x7310c000 	C:\Windows\system32\mswsock.dll
0x72f50000 - 0x72f56000 	C:\Windows\System32\wship6.dll
0x75070000 - 0x7507f000 	C:\Program Files (x86)\Java\jdk1.7.0_10\jre\bin\nio.dll
0x717f0000 - 0x71821000 	C:\Program Files (x86)\Java\jdk1.7.0_10\jre\bin\t2k.dll
0x75850000 - 0x759ed000 	C:\Windows\syswow64\SETUPAPI.dll
0x75b10000 - 0x75b37000 	C:\Windows\syswow64\CFGMGR32.dll
0x76ba0000 - 0x76bb2000 	C:\Windows\syswow64\DEVOBJ.dll
0x75a80000 - 0x75b03000 	C:\Windows\syswow64\CLBCatQ.DLL
0x74f30000 - 0x75025000 	C:\Windows\system32\propsys.dll
0x73270000 - 0x73291000 	C:\Windows\system32\ntmarta.dll
0x76b50000 - 0x76b95000 	C:\Windows\syswow64\WLDAP32.dll
0x72c50000 - 0x72c9c000 	C:\Windows\system32\apphelp.dll
0x6f030000 - 0x6f1c8000 	C:\Windows\system32\NetworkExplorer.dll
0x70050000 - 0x7007f000 	C:\Windows\System32\shdocvw.dll
0x75350000 - 0x7535b000 	C:\Windows\syswow64\profapi.dll
0x72ed0000 - 0x72eda000 	C:\Windows\system32\slc.dll
0x6f6c0000 - 0x6f6d2000 	C:\Windows\system32\MPR.dll
0x724f0000 - 0x724f8000 	C:\Windows\System32\drprov.dll
0x72620000 - 0x72649000 	C:\Windows\System32\WINSTA.dll
0x70b20000 - 0x70b34000 	C:\Windows\System32\ntlanman.dll
0x70690000 - 0x706a7000 	C:\Windows\System32\davclnt.dll
0x724e0000 - 0x724e8000 	C:\Windows\System32\DAVHLPR.dll
0x72cd0000 - 0x72cdf000 	C:\Windows\system32\wkscli.dll
0x729e0000 - 0x729eb000 	C:\Windows\system32\cscapi.dll
0x72d00000 - 0x72d09000 	C:\Windows\system32\netutils.dll
0x6db50000 - 0x6dd88000 	C:\Windows\system32\wpdshext.dll
0x733c0000 - 0x73550000 	C:\Windows\WinSxS\x86_microsoft.windows.gdiplus_6595b64144ccf1df_1.1.7601.19044_none_72d48fa18666b13e\gdiplus.dll
0x6f470000 - 0x6f4f9000 	C:\Windows\system32\PortableDeviceApi.dll
0x75810000 - 0x7583f000 	C:\Windows\syswow64\WINTRUST.dll
0x77030000 - 0x77151000 	C:\Windows\syswow64\CRYPT32.dll
0x76e70000 - 0x76e7c000 	C:\Windows\syswow64\MSASN1.dll
0x6fb30000 - 0x6fb6f000 	C:\Windows\system32\audiodev.dll
0x6edc0000 - 0x6f027000 	C:\Windows\system32\WMVCore.DLL
0x70010000 - 0x7004d000 	C:\Windows\system32\WMASF.DLL
0x74b50000 - 0x74b81000 	C:\Windows\system32\EhStorShell.dll
0x70660000 - 0x70682000 	C:\Windows\system32\EhStorAPI.dll
0x70000000 - 0x70009000 	C:\Windows\system32\LINKINFO.dll
0x74bd0000 - 0x74d01000 	C:\Windows\system32\WindowsCodecs.dll
0x746f0000 - 0x74afb000 	C:\PROGRA~2\MICROS~1\Office14\GROOVEEX.DLL
0x73730000 - 0x737d3000 	C:\Windows\WinSxS\x86_microsoft.vc90.crt_1fc8b3b9a1e18e3b_9.0.30729.4940_none_50916076bcb9a742\MSVCR90.dll
0x74e80000 - 0x74f0e000 	C:\Windows\WinSxS\x86_microsoft.vc90.crt_1fc8b3b9a1e18e3b_9.0.30729.4940_none_50916076bcb9a742\MSVCP90.dll
0x74e30000 - 0x74e5b000 	C:\Windows\WinSxS\x86_microsoft.vc90.atl_1fc8b3b9a1e18e3b_9.0.30729.4148_none_51ca66a2bbe76806\ATL90.DLL
0x742e0000 - 0x746ef000 	C:\PROGRA~2\COMMON~1\MICROS~1\OFFICE14\Cultures\office.odf
0x70e90000 - 0x716f4000 	C:\PROGRA~2\MICROS~1\Office14\1033\GrooveIntlResource.dll
0x74200000 - 0x74270000 	C:\Windows\system32\ntshrui.dll
0x72ce0000 - 0x72cf9000 	C:\Windows\system32\srvcli.dll
0x10000000 - 0x10029000 	C:\Program Files (x86)\Java\jdk1.7.0_10\bin\Jpcap.dll
0x04aa0000 - 0x04aec000 	C:\Windows\system32\wpcap.dll
0x048a0000 - 0x048b8000 	C:\Windows\system32\packet.dll
0x731e0000 - 0x731e9000 	C:\Windows\system32\VERSION.dll
0x731c0000 - 0x731dc000 	C:\Windows\system32\iphlpapi.dll
0x731b0000 - 0x731b7000 	C:\Windows\system32\WINNSI.DLL
0x73190000 - 0x731a2000 	C:\Windows\system32\dhcpcsvc.DLL
0x73110000 - 0x7311d000 	C:\Windows\system32\dhcpcsvc6.DLL
0x71700000 - 0x717eb000 	C:\Windows\system32\dbghelp.dll

VM Arguments:
jvm_args: -Dfile.encoding=UTF-8 
java_command: GUI
Launcher Type: SUN_STANDARD

Environment Variables:
PATH=C:\Program Files (x86)\Common Files\Oracle\Java\javapath;C:\ProgramData\Oracle\Java\javapath;C:\Program Files (x86)\Intel\iCLS Client\;C:\Program Files\Intel\iCLS Client\;C:\Windows\system32;C:\Windows;C:\Windows\System32\Wbem;C:\Windows\System32\WindowsPowerShell\v1.0\;C:\Program Files (x86)\Intel\Intel(R) Management Engine Components\DAL;C:\Program Files\Intel\Intel(R) Management Engine Components\DAL;C:\Program Files (x86)\Intel\Intel(R) Management Engine Components\IPT;C:\Program Files\Intel\Intel(R) Management Engine Components\IPT;C:\Program Files\Intel\WiFi\bin\;C:\Program Files\Common Files\Intel\WirelessCommon\;C:\Program Files\MATLAB\MATLAB Production Server\R2015a\runtime\win64;C:\Program Files\MATLAB\MATLAB Production Server\R2015a\bin;C:\Program Files\MATLAB\R2013a\runtime\win64;C:\Program Files\MATLAB\R2013a\bin;C:\Program Files\MATLAB\R2010a\runtime\win64;C:\Program Files\MATLAB\R2010a\bin;C:\Program Files (x86)\Microsoft SQL Server\90\Tools\binn\;C:\Program Files\MATLAB\MATLAB Production Server\R2015a\polyspace\bin;C:\Users\Lohith\AppData\Local\Programs\Python\Python37-32;C:\Users\Lohith\AppData\Local\Programs\Python\Python37-32\python.exe;C:\Program Files\PuTTY\;C:\Program Files\nodejs\;C:\Users\Lohith\AppData\Local\Programs\Python\Python37-32\Lib\site-packages\selenium;C:\Users\Lohith\AppData\Local\Programs\Python\Python37-32\Scripts;C:\Users\Lohith\AppData\Local\Programs\Python\Python37-32\Lib\site-packages\selenium\webdriver;C:\Program Files\Git\cmd;OPENCV_DIR\bin;C:\Users\Lohith\Anaconda3;C:\Users\Lohith\Anaconda3\Library\mingw-w64\bin;C:\Users\Lohith\Anaconda3\Library\usr\bin;C:\Users\Lohith\Anaconda3\Library\bin;C:\Users\Lohith\Anaconda3\Scripts;C:\Program Files\Java\jdk1.8.0_111\bin;C:\Users\Lohith\AppData\Roaming\npm;C:\Users\Lohith\AppData\Local\Programs\Microsoft VS Code\bin
USERNAME=Lohith
OS=Windows_NT
PROCESSOR_IDENTIFIER=Intel64 Family 6 Model 78 Stepping 3, GenuineIntel



---------------  S Y S T E M  ---------------

OS: Windows 7 , 64 bit Build 7601 Service Pack 1

CPU:total 4 (2 cores per cpu, 2 threads per core) family 6 model 78 stepping 3, cmov, cx8, fxsr, mmx, sse, sse2, sse3, ssse3, sse4.1, sse4.2, popcnt, avx, avx2, ht, tsc, tscinvbit

Memory: 4k page, physical 3888624k(522740k free), swap 7775412k(3624168k free)

vm_info: Java HotSpot(TM) Client VM (23.6-b04) for windows-x86 JRE (1.7.0_10-b18), built on Nov 28 2012 08:34:29 by "java_re" with unknown MS VC++:1600

time: Sat Oct 26 15:45:49 2019
elapsed time: 11 seconds

